# JRE version: OpenJDK Runtime Environment (16.0.2+7) (build 16.0.2+7-67)
# Java VM: OpenJDK 64-Bit Server VM (16.0.2+7-67, mixed mode, tiered, compressed oops, compressed class ptrs, g1 gc, bsd-amd64)
GC Precious Log:
 CPUs: 8 total, 8 available
 Memory: 8192M
 Large Page Support: Disabled
 NUMA Support: Disabled
 Compressed Oops: Enabled (Zero based)
 Heap Region Size: 1M
 Heap Min Capacity: 8M
 Heap Initial Capacity: 128M
 Heap Max Capacity: 2G
 Pre-touch: Disabled
 Parallel Workers: 8
 Concurrent Workers: 2
 Concurrent Refinement Workers: 8
 Periodic GC: Disabled
Heap:
 garbage-first heap   total 27648K, used 11096K [0x0000000780000000, 0x0000000800000000)
  region size 1024K, 3 young (3072K), 1 survivors (1024K)
 Metaspace       used 25301K, committed 25536K, reserved 1073152K
  class space    used 2482K, committed 2624K, reserved 1048576K
GC Heap History (10 events):
Event: 2.235 GC heap before
{Heap before GC invocations=0 (full 0):
 garbage-first heap   total 131072K, used 17408K [0x0000000780000000, 0x0000000800000000)
  region size 1024K, 17 young (17408K), 0 survivors (0K)
 Metaspace       used 18400K, committed 18560K, reserved 1073152K
  class space    used 1946K, committed 2048K, reserved 1048576K
}
Event: 2.252 GC heap after
{Heap after GC invocations=1 (full 1):
 garbage-first heap   total 30720K, used 7277K [0x0000000780000000, 0x0000000800000000)
  region size 1024K, 0 young (0K), 0 survivors (0K)
 Metaspace       used 18400K, committed 18560K, reserved 1073152K
  class space    used 1946K, committed 2048K, reserved 1048576K
}
Event: 2.255 GC heap before
{Heap before GC invocations=1 (full 1):
 garbage-first heap   total 30720K, used 7277K [0x0000000780000000, 0x0000000800000000)
  region size 1024K, 1 young (1024K), 0 survivors (0K)
 Metaspace       used 18400K, committed 18560K, reserved 1073152K
  class space    used 1946K, committed 2048K, reserved 1048576K
}
Event: 2.261 GC heap after
{Heap after GC invocations=2 (full 2):
 garbage-first heap   total 27648K, used 7272K [0x0000000780000000, 0x0000000800000000)
  region size 1024K, 0 young (0K), 0 survivors (0K)
 Metaspace       used 18400K, committed 18560K, reserved 1073152K
  class space    used 1946K, committed 2048K, reserved 1048576K
}
Event: 2.606 GC heap before
{Heap before GC invocations=2 (full 2):
 garbage-first heap   total 27648K, used 14440K [0x0000000780000000, 0x0000000800000000)
  region size 1024K, 8 young (8192K), 0 survivors (0K)
 Metaspace       used 22323K, committed 22528K, reserved 1073152K
  class space    used 2255K, committed 2368K, reserved 1048576K
}
Event: 2.610 GC heap after
{Heap after GC invocations=3 (full 2):
 garbage-first heap   total 27648K, used 9142K [0x0000000780000000, 0x0000000800000000)
  region size 1024K, 1 young (1024K), 1 survivors (1024K)
 Metaspace       used 22323K, committed 22528K, reserved 1073152K
  class space    used 2255K, committed 2368K, reserved 1048576K
}
Event: 2.874 GC heap before
{Heap before GC invocations=3 (full 2):
 garbage-first heap   total 27648K, used 15286K [0x0000000780000000, 0x0000000800000000)
  region size 1024K, 7 young (7168K), 1 survivors (1024K)
 Metaspace       used 24365K, committed 24576K, reserved 1073152K
  class space    used 2446K, committed 2560K, reserved 1048576K
}
Event: 2.875 GC heap after
{Heap after GC invocations=4 (full 2):
 garbage-first heap   total 27648K, used 9633K [0x0000000780000000, 0x0000000800000000)
  region size 1024K, 1 young (1024K), 1 survivors (1024K)
 Metaspace       used 24365K, committed 24576K, reserved 1073152K
  class space    used 2446K, committed 2560K, reserved 1048576K
}
Event: 4.962 GC heap before
{Heap before GC invocations=4 (full 2):
 garbage-first heap   total 27648K, used 15777K [0x0000000780000000, 0x0000000800000000)
  region size 1024K, 8 young (8192K), 1 survivors (1024K)
 Metaspace       used 25166K, committed 25472K, reserved 1073152K
  class space    used 2481K, committed 2624K, reserved 1048576K
}
Event: 4.965 GC heap after
{Heap after GC invocations=5 (full 2):
 garbage-first heap   total 27648K, used 10072K [0x0000000780000000, 0x0000000800000000)
  region size 1024K, 1 young (1024K), 1 survivors (1024K)
 Metaspace       used 25166K, committed 25472K, reserved 1073152K
  class space    used 2481K, committed 2624K, reserved 1048576K
}

