# JRE version: OpenJDK Runtime Environment (16.0.2+7) (build 16.0.2+7-67)
# Java VM: OpenJDK 64-Bit Server VM (16.0.2+7-67, mixed mode, tiered, compressed oops, compressed class ptrs, g1 gc, bsd-amd64)
GC Precious Log:
 CPUs: 8 total, 8 available
 Memory: 8192M
 Large Page Support: Disabled
 NUMA Support: Disabled
 Compressed Oops: Enabled (Zero based)
 Heap Region Size: 1M
 Heap Min Capacity: 8M
 Heap Initial Capacity: 128M
 Heap Max Capacity: 2G
 Pre-touch: Disabled
 Parallel Workers: 8
 Concurrent Workers: 2
 Concurrent Refinement Workers: 8
 Periodic GC: Disabled
Heap:
 garbage-first heap   total 30720K, used 17675K [0x0000000780000000, 0x0000000800000000)
  region size 1024K, 9 young (9216K), 1 survivors (1024K)
 Metaspace       used 25401K, committed 25664K, reserved 1073152K
  class space    used 2482K, committed 2624K, reserved 1048576K
GC Heap History (8 events):
Event: 3.026 GC heap before
{Heap before GC invocations=0 (full 0):
 garbage-first heap   total 131072K, used 18432K [0x0000000780000000, 0x0000000800000000)
  region size 1024K, 18 young (18432K), 0 survivors (0K)
 Metaspace       used 18434K, committed 18624K, reserved 1073152K
  class space    used 1946K, committed 2048K, reserved 1048576K
}
Event: 3.045 GC heap after
{Heap after GC invocations=1 (full 1):
 garbage-first heap   total 30720K, used 8024K [0x0000000780000000, 0x0000000800000000)
  region size 1024K, 0 young (0K), 0 survivors (0K)
 Metaspace       used 18434K, committed 18624K, reserved 1073152K
  class space    used 1946K, committed 2048K, reserved 1048576K
}
Event: 3.047 GC heap before
{Heap before GC invocations=1 (full 1):
 garbage-first heap   total 30720K, used 8024K [0x0000000780000000, 0x0000000800000000)
  region size 1024K, 0 young (0K), 0 survivors (0K)
 Metaspace       used 18434K, committed 18624K, reserved 1073152K
  class space    used 1946K, committed 2048K, reserved 1048576K
}
Event: 3.053 GC heap after
{Heap after GC invocations=2 (full 2):
 garbage-first heap   total 30720K, used 8024K [0x0000000780000000, 0x0000000800000000)
  region size 1024K, 0 young (0K), 0 survivors (0K)
 Metaspace       used 18434K, committed 18624K, reserved 1073152K
  class space    used 1946K, committed 2048K, reserved 1048576K
}
Event: 3.430 GC heap before
{Heap before GC invocations=2 (full 2):
 garbage-first heap   total 30720K, used 16216K [0x0000000780000000, 0x0000000800000000)
  region size 1024K, 9 young (9216K), 0 survivors (0K)
 Metaspace       used 22640K, committed 22848K, reserved 1073152K
  class space    used 2275K, committed 2368K, reserved 1048576K
}
Event: 3.434 GC heap after
{Heap after GC invocations=3 (full 2):
 garbage-first heap   total 30720K, used 9813K [0x0000000780000000, 0x0000000800000000)
  region size 1024K, 2 young (2048K), 2 survivors (2048K)
 Metaspace       used 22640K, committed 22848K, reserved 1073152K
  class space    used 2275K, committed 2368K, reserved 1048576K
}
Event: 3.705 GC heap before
{Heap before GC invocations=3 (full 2):
 garbage-first heap   total 30720K, used 16981K [0x0000000780000000, 0x0000000800000000)
  region size 1024K, 9 young (9216K), 2 survivors (2048K)
 Metaspace       used 24498K, committed 24704K, reserved 1073152K
  class space    used 2451K, committed 2560K, reserved 1048576K
}
Event: 3.708 GC heap after
{Heap after GC invocations=4 (full 2):
 garbage-first heap   total 30720K, used 10507K [0x0000000780000000, 0x0000000800000000)
  region size 1024K, 1 young (1024K), 1 survivors (1024K)
 Metaspace       used 24498K, committed 24704K, reserved 1073152K
  class space    used 2451K, committed 2560K, reserved 1048576K
}

