# JRE version: OpenJDK Runtime Environment (16.0.2+7) (build 16.0.2+7-67)
# Java VM: OpenJDK 64-Bit Server VM (16.0.2+7-67, mixed mode, tiered, compressed oops, compressed class ptrs, g1 gc, bsd-amd64)
GC Precious Log:
 CPUs: 8 total, 8 available
 Memory: 8192M
 Large Page Support: Disabled
 NUMA Support: Disabled
 Compressed Oops: Enabled (Zero based)
 Heap Region Size: 1M
 Heap Min Capacity: 8M
 Heap Initial Capacity: 128M
 Heap Max Capacity: 2G
 Pre-touch: Disabled
 Parallel Workers: 8
 Concurrent Workers: 2
 Concurrent Refinement Workers: 8
 Periodic GC: Disabled
Heap:
 garbage-first heap   total 30720K, used 14622K [0x0000000780000000, 0x0000000800000000)
  region size 1024K, 9 young (9216K), 2 survivors (2048K)
 Metaspace       used 24469K, committed 24704K, reserved 1073152K
  class space    used 2467K, committed 2560K, reserved 1048576K
GC Heap History (6 events):
Event: 2.628 GC heap before
{Heap before GC invocations=0 (full 0):
 garbage-first heap   total 131072K, used 17408K [0x0000000780000000, 0x0000000800000000)
  region size 1024K, 17 young (17408K), 0 survivors (0K)
 Metaspace       used 18320K, committed 18496K, reserved 1073152K
  class space    used 1947K, committed 2048K, reserved 1048576K
}
Event: 2.646 GC heap after
{Heap after GC invocations=1 (full 1):
 garbage-first heap   total 30720K, used 7594K [0x0000000780000000, 0x0000000800000000)
  region size 1024K, 0 young (0K), 0 survivors (0K)
 Metaspace       used 18320K, committed 18496K, reserved 1073152K
  class space    used 1947K, committed 2048K, reserved 1048576K
}
Event: 2.651 GC heap before
{Heap before GC invocations=1 (full 1):
 garbage-first heap   total 30720K, used 7594K [0x0000000780000000, 0x0000000800000000)
  region size 1024K, 1 young (1024K), 0 survivors (0K)
 Metaspace       used 18323K, committed 18496K, reserved 1073152K
  class space    used 1948K, committed 2048K, reserved 1048576K
}
Event: 2.657 GC heap after
{Heap after GC invocations=2 (full 2):
 garbage-first heap   total 30720K, used 7596K [0x0000000780000000, 0x0000000800000000)
  region size 1024K, 0 young (0K), 0 survivors (0K)
 Metaspace       used 18323K, committed 18496K, reserved 1073152K
  class space    used 1948K, committed 2048K, reserved 1048576K
}
Event: 3.037 GC heap before
{Heap before GC invocations=2 (full 2):
 garbage-first heap   total 30720K, used 15788K [0x0000000780000000, 0x0000000800000000)
  region size 1024K, 9 young (9216K), 0 survivors (0K)
 Metaspace       used 22530K, committed 22720K, reserved 1073152K
  class space    used 2275K, committed 2368K, reserved 1048576K
}
Event: 3.041 GC heap after
{Heap after GC invocations=3 (full 2):
 garbage-first heap   total 30720K, used 9502K [0x0000000780000000, 0x0000000800000000)
  region size 1024K, 2 young (2048K), 2 survivors (2048K)
 Metaspace       used 22530K, committed 22720K, reserved 1073152K
  class space    used 2275K, committed 2368K, reserved 1048576K
}

